2025-07-20 23:48:40,409 - INFO - Login Realizado felipe
2025-07-20 23:48:43,065 - INFO - Login Realizado felipe
2025-07-20 23:48:54,995 - INFO - Erro no login 
2025-07-20 23:51:29,145 - INFO - Login Realizado felipe
2025-07-20 23:51:43,409 - INFO - Bem-vindo de volta, felipe
2025-07-20 23:51:48,935 - INFO - Login Realizado felipe
2025-07-20 23:59:43,085 - INFO - Bem-vindo de volta, felipe
2025-07-20 23:59:46,391 - INFO - Erro no login: campo vazio
2025-07-20 23:59:50,045 - INFO - Erro no login: nome invï¿½lido
2025-07-21 00:06:01,147 - INFO - Login automï¿½tico com: felipe
2025-07-21 00:06:48,926 - INFO - Login realizado: Felipe
2025-07-21 00:07:05,644 - INFO - Login automï¿½tico com: Felipe
2025-07-21 00:07:20,348 - INFO - Bem-vindo de volta, Felipe
2025-07-22 19:28:00,658 - INFO - Login automï¿½tico para: l
2025-07-22 19:28:07,655 - INFO - User Deletado
2025-07-22 19:28:10,294 - INFO - Usuï¿½rio criado
2025-07-22 19:28:12,182 - INFO - Comeï¿½ou o tempo.
2025-07-22 19:28:12,183 - WARNING - Valor invï¿½lido digitado: Campo vazio ou apenas espaï¿½os
2025-07-22 19:28:17,813 - INFO - Comeï¿½ou o tempo.
2025-07-22 19:28:17,813 - WARNING - Valor invï¿½lido digitado: Campo vazio ou apenas espaï¿½os
2025-07-22 19:28:19,660 - INFO - Comeï¿½ou o tempo.
2025-07-22 19:28:19,660 - WARNING - Valor invï¿½lido digitado: Campo vazio ou apenas espaï¿½os
2025-07-22 19:28:22,337 - INFO - Comeï¿½ou o tempo.
2025-07-22 19:28:22,337 - WARNING - Valor invï¿½lido digitado: Campo vazio ou apenas espaï¿½os
2025-07-22 19:28:24,198 - INFO - Comeï¿½ou o tempo.
2025-07-22 19:28:24,198 - WARNING - Valor invï¿½lido digitado: Campo vazio ou apenas espaï¿½os
2025-07-22 19:28:25,518 - INFO - Comeï¿½ou o tempo.
2025-07-22 19:28:25,518 - WARNING - Valor invï¿½lido digitado: Campo vazio ou apenas espaï¿½os
2025-07-22 19:28:31,168 - INFO - User Deletado
2025-07-22 19:28:32,525 - INFO - Usuï¿½rio criado
2025-07-22 19:32:33,607 - INFO - Login automï¿½tico para: l
2025-07-22 19:32:35,325 - INFO - User Deletado
2025-07-22 19:32:37,498 - INFO - Usuï¿½rio criado
2025-07-22 19:32:40,564 - INFO - Comeï¿½ou o tempo.
2025-07-22 19:32:40,564 - WARNING - Valor invï¿½lido digitado: Campo vazio ou apenas espaï¿½os
2025-07-22 19:32:44,625 - INFO - Comeï¿½ou o tempo.
2025-07-22 19:32:44,625 - INFO - Tempo definido: 2 segundos.
2025-07-22 19:32:46,615 - INFO - Tempo chegou ao limite definido.
2025-07-22 19:33:01,523 - INFO - Comeï¿½ou o tempo.
2025-07-22 19:33:01,524 - INFO - Tempo definido: 5 segundos.
2025-07-22 19:33:06,575 - INFO - Tempo chegou ao limite definido.
2025-07-22 19:34:06,428 - INFO - Login automï¿½tico para: l
2025-07-22 19:34:09,180 - INFO - Comeï¿½ou o tempo.
2025-07-22 19:34:09,180 - INFO - Tempo definido: 10 segundos.
2025-07-22 19:34:11,677 - INFO - User Deletado
2025-07-22 19:34:14,042 - INFO - Usuï¿½rio criado
2025-07-22 19:34:19,181 - INFO - Tempo chegou ao limite definido.
2025-07-22 19:37:55,546 - INFO - Login automï¿½tico para: l
2025-07-22 19:38:19,000 - INFO - Login automï¿½tico para: l
2025-07-22 19:38:22,500 - INFO - Comeï¿½ou o tempo.
2025-07-22 19:38:22,501 - WARNING - Valor invï¿½lido digitado: Campo vazio ou apenas espaï¿½os
2025-07-22 19:38:46,233 - INFO - Login automï¿½tico para: l
2025-07-22 19:38:48,983 - INFO - Comeï¿½ou o tempo.
2025-07-22 19:38:48,984 - INFO - Tempo definido: 50 segundos.
2025-07-22 19:38:56,171 - INFO - User Deletado
2025-07-22 19:38:58,795 - INFO - Usuï¿½rio criado
2025-07-22 19:39:45,728 - INFO - Login automï¿½tico para: l
2025-07-22 19:40:24,013 - INFO - Comeï¿½ou o tempo.
2025-07-22 19:40:24,014 - INFO - Tempo definido: 50 segundos.
2025-07-22 19:40:32,262 - INFO - User Deletado
2025-07-22 19:40:34,636 - INFO - Usuï¿½rio criado
2025-07-22 19:40:45,801 - INFO - Timer pausado.
2025-07-22 19:40:48,076 - INFO - Timer continuado.
2025-07-22 19:41:09,399 - INFO - Login automï¿½tico para: l
2025-07-22 19:41:12,016 - INFO - Comeï¿½ou o tempo.
2025-07-22 19:41:12,016 - INFO - Tempo definido: 50 segundos.
2025-07-22 19:41:18,119 - INFO - User Deletado
2025-07-22 19:41:21,030 - INFO - Usuï¿½rio criado
2025-07-22 19:41:59,290 - INFO - Login automï¿½tico para: l
2025-07-22 19:42:02,601 - INFO - Comeï¿½ou o tempo.
2025-07-22 19:42:02,601 - INFO - Tempo definido: 50 segundos.
2025-07-22 19:42:04,674 - INFO - Timer pausado.
2025-07-22 19:42:12,064 - INFO - User Deletado
2025-07-22 19:42:13,124 - INFO - Erro no login: nome invï¿½lido
2025-07-22 19:42:16,147 - INFO - Usuï¿½rio criado
2025-07-22 19:42:41,361 - INFO - Login automï¿½tico para: l
2025-07-22 19:42:43,886 - INFO - Comeï¿½ou o tempo.
2025-07-22 19:42:43,886 - INFO - Tempo definido: 10 segundos.
2025-07-22 19:42:49,022 - INFO - User Deletado
2025-07-22 19:42:51,538 - INFO - Usuï¿½rio criado
2025-07-22 19:42:58,380 - INFO - Comeï¿½ou o tempo.
2025-07-22 19:42:58,380 - INFO - Tempo definido: 10 segundos.
2025-07-22 19:43:00,383 - INFO - Timer pausado.
2025-07-22 19:43:05,826 - INFO - User Deletado
2025-07-22 19:43:07,273 - INFO - Usuï¿½rio criado
2025-07-22 19:43:54,350 - INFO - User Deletado
2025-07-22 19:43:56,771 - INFO - Usuï¿½rio criado
2025-07-22 19:45:37,898 - INFO - Login automï¿½tico para: l
2025-07-22 19:45:40,317 - INFO - Comeï¿½ou o tempo.
2025-07-22 19:45:40,317 - WARNING - Valor invï¿½lido digitado: Campo vazio ou apenas espaï¿½os
2025-07-22 19:45:45,327 - INFO - Comeï¿½ou o tempo.
2025-07-22 19:45:45,327 - INFO - Tempo definido: 10 segundos.
2025-07-22 19:45:51,591 - INFO - Timer pausado.
2025-07-22 19:45:55,795 - INFO - User Deletado
2025-07-22 19:45:58,832 - INFO - Usuï¿½rio criado
2025-07-22 19:46:55,861 - INFO - Login automï¿½tico para: l
2025-07-22 19:46:58,101 - INFO - Comeï¿½ou o tempo.
2025-07-22 19:46:58,101 - WARNING - Valor invï¿½lido digitado: Campo vazio ou apenas espaï¿½os
2025-07-22 19:47:01,083 - INFO - Comeï¿½ou o tempo.
2025-07-22 19:47:01,083 - INFO - Tempo definido: 10 segundos.
2025-07-22 19:47:06,380 - INFO - Timer pausado.
2025-07-22 19:47:07,086 - INFO - Timer continuado.
2025-07-22 19:47:08,094 - INFO - Timer pausado.
2025-07-22 19:47:08,719 - INFO - Timer reiniciado!
2025-07-22 19:47:09,583 - INFO - Timer pausado.
2025-07-22 19:47:13,721 - INFO - Timer continuado.
2025-07-22 19:47:20,036 - INFO - Timer pausado.
2025-07-22 19:47:22,080 - INFO - Timer reiniciado!
2025-07-22 19:47:27,654 - INFO - Timer pausado.
2025-07-22 19:47:28,856 - INFO - Timer continuado.
2025-07-22 19:47:30,361 - INFO - Timer pausado.
2025-07-22 19:47:31,015 - INFO - Timer reiniciado!
2025-07-22 19:47:38,760 - INFO - Timer pausado.
2025-07-22 19:47:40,431 - INFO - User Deletado
2025-07-22 19:47:44,428 - INFO - Usuï¿½rio criado
2025-07-22 19:49:35,300 - INFO - Login automï¿½tico para: l
2025-07-22 19:49:38,020 - INFO - Comeï¿½ou o tempo.
2025-07-22 19:49:38,021 - INFO - Tempo definido: 10 segundos.
2025-07-22 19:49:48,082 - INFO - Tempo chegou ao limite definido.
2025-07-22 19:49:52,449 - INFO - Comeï¿½ou o tempo.
2025-07-22 19:49:52,450 - INFO - Tempo definido: 10 segundos.
2025-07-22 19:49:58,848 - INFO - Timer pausado.
2025-07-22 19:50:00,112 - INFO - User Deletado
2025-07-22 19:50:03,040 - INFO - Usuï¿½rio criado
2025-07-22 19:50:06,750 - INFO - User Deletado
2025-07-22 19:50:07,751 - INFO - Usuï¿½rio criado
2025-07-22 19:50:09,612 - INFO - Comeï¿½ou o tempo.
2025-07-22 19:50:09,612 - INFO - Tempo definido: 10 segundos.
2025-07-22 19:50:11,400 - INFO - User Deletado
2025-07-22 19:50:13,984 - INFO - Usuï¿½rio criado
2025-07-22 19:50:18,369 - INFO - Comeï¿½ou o tempo.
2025-07-22 19:50:18,369 - INFO - Tempo definido: 10 segundos.
2025-07-22 19:50:19,800 - INFO - Timer pausado.
2025-07-22 19:51:59,069 - INFO - User Deletado
2025-07-22 19:51:59,982 - INFO - Usuï¿½rio criado
2025-07-22 19:54:05,441 - INFO - Login automï¿½tico para: l
2025-07-22 19:54:08,929 - INFO - Comeï¿½ou o tempo.
2025-07-22 19:54:08,929 - INFO - Tempo definido: 50 segundos.
2025-07-22 19:54:09,565 - INFO - Timer pausado.
2025-07-22 19:58:00,152 - INFO - Login automï¿½tico para: l
2025-07-22 19:58:02,921 - INFO - Comeï¿½ou o tempo.
2025-07-22 19:58:02,921 - WARNING - Valor invï¿½lido digitado: Campo vazio ou apenas espaï¿½os
2025-07-22 19:58:06,948 - INFO - Comeï¿½ou o tempo.
2025-07-22 19:58:06,948 - INFO - Tempo definido: 10 segundos.
2025-07-22 19:58:09,120 - INFO - Timer pausado.
2025-07-22 19:59:10,778 - INFO - Login automï¿½tico para: l
2025-07-22 19:59:13,805 - INFO - Comeï¿½ou o tempo.
2025-07-22 19:59:13,806 - INFO - Tempo definido: 10 segundos.
2025-07-22 19:59:16,219 - INFO - Timer pausado.
2025-07-22 20:02:23,724 - INFO - Login automï¿½tico para: l
2025-07-22 20:02:25,528 - INFO - Comeï¿½ou o tempo.
2025-07-22 20:02:25,529 - WARNING - Valor invï¿½lido digitado: Campo vazio ou apenas espaï¿½os
2025-07-22 20:02:28,815 - INFO - Comeï¿½ou o tempo.
2025-07-22 20:02:28,816 - INFO - Tempo definido: 10 segundos.
2025-07-22 20:02:30,884 - INFO - Timer pausado.
2025-07-22 20:02:30,886 - INFO - Timer pausado.
2025-07-22 20:04:37,923 - INFO - Login automï¿½tico para: l
2025-07-22 20:04:40,898 - INFO - Comeï¿½ou o tempo.
2025-07-22 20:04:40,898 - INFO - Tempo definido: 10 segundos.
2025-07-22 20:04:50,956 - INFO - Tempo chegou ao limite definido.
2025-07-22 20:06:51,302 - INFO - Login automï¿½tico para: l
2025-07-22 20:06:53,030 - INFO - Comeï¿½ou o tempo.
2025-07-22 20:06:53,031 - WARNING - Valor invï¿½lido digitado: Campo vazio ou apenas espaï¿½os
2025-07-22 20:06:57,620 - INFO - Comeï¿½ou o tempo.
2025-07-22 20:06:57,620 - INFO - Tempo definido: 10 segundos.
2025-07-22 20:06:59,751 - INFO - Timer pausado.
2025-07-22 20:07:06,582 - INFO - Timer reiniciado!
2025-07-22 20:07:14,603 - INFO - Timer pausado.
2025-07-22 20:07:17,563 - INFO - User Deletado
2025-07-22 20:07:20,406 - INFO - Usuï¿½rio criado


2025-07-22 20:15:22,933 - INFO - Login automático para: Felipe
2025-07-22 20:15:25,728 - INFO - User Deletado
2025-07-22 20:15:26,565 - INFO - Erro no login: nome inválido
2025-07-22 20:15:31,278 - INFO - Erro no login: nome inválido
2025-07-22 20:15:41,441 - INFO - Usuário criado
2025-07-22 20:15:43,462 - INFO - Começou o tempo.
2025-07-22 20:15:43,463 - WARNING - Valor inválido digitado: Campo vazio ou apenas espaços
2025-07-24 17:02:12,212 - INFO - Login automático para: l
2025-07-24 17:02:30,539 - INFO - User Deletado
2025-07-24 17:02:34,930 - INFO - Erro no login: nome inválido
2025-07-24 17:02:41,898 - INFO - Usuário criado
2025-07-24 17:03:11,658 - INFO - Começou o tempo.
2025-07-24 17:03:11,659 - WARNING - Valor inválido digitado: Campo vazio ou apenas espaços
2025-07-24 17:03:15,785 - INFO - Começou o tempo.
2025-07-24 17:03:15,786 - WARNING - Valor inválido digitado: Campo vazio ou apenas espaços
2025-07-24 17:03:22,054 - INFO - Começou o tempo.
2025-07-24 17:03:22,055 - INFO - Tempo definido: 1 segundos.
2025-07-24 17:03:23,053 - INFO - Tempo chegou ao limite definido.
2025-07-24 17:03:35,394 - INFO - Login automático para: Felipe
2025-07-24 17:03:38,714 - INFO - Começou o tempo.
2025-07-24 17:03:38,716 - INFO - Tempo definido: 3 segundos.
2025-07-24 17:03:41,739 - INFO - Tempo chegou ao limite definido.
2025-07-24 17:48:15,673 - INFO - Login automático para: Felipe
2025-07-24 17:48:19,164 - INFO - User Deletado
2025-07-24 17:48:24,350 - INFO - Usuário criado
2025-07-24 17:49:06,108 - INFO - Login automático para: felipe
2025-07-24 17:49:46,079 - INFO - Login automático para: felipe
2025-07-24 17:53:06,437 - INFO - Login automático para: felipe
2025-07-24 17:54:31,363 - INFO - Login automático para: felipe
2025-07-24 17:54:51,123 - INFO - Login automático para: felipe
2025-07-24 17:55:09,987 - INFO - Login automático para: felipe
2025-07-24 17:55:25,779 - INFO - Login automático para: felipe
2025-07-24 17:56:07,182 - INFO - Login automático para: felipe
2025-07-24 17:56:26,393 - INFO - Login automático para: felipe
2025-07-24 17:56:45,379 - INFO - Login automático para: felipe
2025-07-24 17:57:12,393 - INFO - Login automático para: felipe
2025-07-24 17:57:20,371 - INFO - Login automático para: felipe
2025-07-24 17:57:32,082 - INFO - Login automático para: felipe
2025-07-24 17:58:32,023 - INFO - Login automático para: felipe
2025-07-24 18:03:12,115 - INFO - Login automático para: felipe
2025-07-24 18:03:18,031 - INFO - User Deletado
2025-07-24 18:03:23,381 - INFO - Usuário criado
2025-07-24 18:03:29,192 - INFO - Começou o tempo.
2025-07-24 18:03:29,193 - WARNING - Valor inválido digitado: Campo vazio ou apenas espaços
2025-07-24 18:04:04,194 - INFO - Começou o tempo.
2025-07-24 18:04:04,195 - INFO - Tempo definido: 1 segundos.
2025-07-24 18:04:05,197 - INFO - Tempo chegou ao limite definido.
2025-07-24 18:08:25,926 - INFO - Login automático para: Felipe
2025-07-24 18:26:10,836 - INFO - Login automático para: Felipe
2025-07-24 18:26:51,297 - INFO - Login automático para: Felipe
2025-07-24 18:35:56,293 - INFO - Login automático para: Felipe
2025-07-24 18:35:58,782 - INFO - Começou o tempo.
2025-07-24 18:35:58,782 - INFO - Tempo definido: 1 segundos.
2025-07-24 18:36:15,853 - INFO - Login automático para: Felipe
2025-07-24 18:36:18,545 - INFO - Começou o tempo.
2025-07-24 18:36:18,546 - INFO - Tempo definido: 1 segundos.
2025-07-24 18:38:13,048 - INFO - Timer pausado.
2025-07-24 18:38:14,377 - INFO - Timer continuado.
2025-07-24 18:38:20,846 - INFO - Timer pausado.
2025-07-24 18:40:33,574 - INFO - Login automático para: Felipe
2025-07-24 18:40:37,214 - INFO - Começou o tempo.
2025-07-24 18:40:37,215 - INFO - Tempo definido: 1 minutos (60 segundos).
2025-07-24 18:41:37,335 - INFO - Tempo chegou ao limite definido.
2025-07-24 18:42:34,114 - INFO - Login automático para: Felipe
2025-07-24 18:42:43,191 - INFO - Começou o tempo.
2025-07-24 18:42:43,192 - INFO - Tempo definido: 1 minutos (60 segundos).
2025-07-24 18:43:22,926 - INFO - Login automático para: Felipe
2025-07-24 18:43:24,829 - INFO - Começou o tempo.
2025-07-24 18:43:24,829 - INFO - Tempo definido: 1 minutos (60 segundos).
2025-07-24 18:44:25,212 - INFO - Tempo chegou ao limite definido.
2025-07-24 18:46:03,059 - INFO - Login automático para: Felipe
2025-07-24 18:46:05,046 - INFO - Começou o tempo.
2025-07-24 18:46:05,047 - INFO - Tempo definido: 1 minutos (60 segundos).
2025-07-24 18:47:05,334 - INFO - Tempo chegou ao limite definido.
2025-07-24 19:00:03,468 - INFO - Login automático para: Felipe
2025-07-24 19:00:56,710 - INFO - Login automático para: Felipe
2025-07-24 19:00:56,865 - INFO - Começou o tempo.
2025-07-24 19:00:56,866 - INFO - Tempo definido: 30 minutos (1800 segundos).
2025-07-24 19:02:11,975 - INFO - Login automático para: Felipe
2025-07-24 19:02:13,551 - INFO - Começou o tempo.
2025-07-24 19:02:13,552 - INFO - Tempo definido: 30 minutos (1800 segundos).
2025-07-24 19:02:34,427 - INFO - Timer pausado.
2025-07-24 19:02:55,726 - INFO - Timer continuado.
2025-07-24 19:06:20,600 - INFO - Login automático para: Felipe
2025-07-24 19:06:48,424 - INFO - Login automático para: Felipe
2025-07-24 19:16:56,828 - INFO - Login automático para: Felipe
2025-07-24 19:25:47,211 - INFO - Login automático para: Felipe
2025-07-24 19:29:21,938 - INFO - Login automático para: Felipe
2025-07-24 19:29:24,845 - INFO - Começou o tempo.
2025-07-24 19:29:24,846 - INFO - Tempo definido: 10 minutos (600 segundos).
2025-07-24 19:29:40,628 - INFO - Timer pausado.
2025-07-24 19:29:55,843 - INFO - Timer continuado.
2025-07-24 19:29:57,547 - INFO - Timer pausado.
2025-07-24 19:38:56,789 - INFO - Login automático para: Felipe
2025-07-24 19:39:04,565 - INFO - Começou o tempo.
2025-07-24 19:39:04,565 - INFO - Tempo definido: 10 minutos (600 segundos).
2025-07-24 19:39:12,200 - INFO - Timer pausado.
2025-07-24 19:39:38,284 - INFO - Login automático para: Felipe
2025-07-24 19:39:54,643 - INFO - Login automático para: Felipe
2025-07-24 19:40:08,371 - INFO - Login automático para: Felipe
2025-07-24 19:40:36,768 - INFO - Começou o tempo.
2025-07-24 19:40:36,769 - WARNING - Valor inválido digitado: Campo vazio ou apenas espaços
2025-07-24 19:40:39,583 - INFO - Começou o tempo.
2025-07-24 19:40:39,584 - INFO - Tempo definido: 10 minutos (600 segundos).
2025-07-24 19:40:42,106 - INFO - Timer pausado.
2025-07-24 19:40:53,993 - INFO - Começou o tempo.
2025-07-24 19:40:53,994 - INFO - Tempo definido: 10 minutos (600 segundos).
2025-07-24 19:40:57,309 - INFO - Começou o tempo.
2025-07-24 19:40:57,309 - INFO - Tempo definido: 30 minutos (1800 segundos).
2025-07-24 19:40:59,238 - INFO - Começou o tempo.
2025-07-24 19:40:59,238 - INFO - Tempo definido: 10 minutos (600 segundos).
2025-07-24 19:41:48,752 - INFO - Login automático para: Felipe
2025-07-24 19:41:52,667 - INFO - Começou o tempo.
2025-07-24 19:41:52,668 - INFO - Tempo definido: 5 minutos (300 segundos).
2025-07-24 19:42:13,805 - INFO - Login automático para: Felipe
2025-07-24 19:42:15,396 - INFO - Começou o tempo.
2025-07-24 19:42:15,397 - INFO - Tempo definido: 20 minutos (1200 segundos).
2025-07-24 19:42:24,413 - INFO - Timer pausado.
2025-07-24 19:42:27,607 - INFO - Timer continuado.
2025-07-24 19:42:30,152 - INFO - Timer pausado.
2025-07-24 19:42:55,021 - INFO - Login automático para: Felipe
2025-07-24 19:42:56,524 - INFO - Começou o tempo.
2025-07-24 19:42:56,525 - INFO - Tempo definido: 20 minutos (1200 segundos).
2025-07-24 19:42:57,397 - INFO - Timer pausado.
2025-07-24 19:42:59,922 - INFO - Timer continuado.
2025-07-24 19:43:03,858 - INFO - Timer pausado.
2025-07-24 19:43:05,064 - INFO - Timer continuado.
2025-07-24 19:43:06,140 - INFO - Timer pausado.
2025-07-24 19:43:07,484 - INFO - Timer continuado.
2025-07-24 19:43:10,453 - INFO - Timer pausado.
2025-07-24 19:43:11,949 - INFO - Timer reiniciado!
2025-07-24 19:43:25,193 - INFO - Login automático para: Felipe
2025-07-24 19:43:28,608 - INFO - Começou o tempo.
2025-07-24 19:43:28,609 - WARNING - Valor inválido digitado: Campo vazio ou apenas espaços
2025-07-24 19:43:59,315 - INFO - Login automático para: Felipe
2025-07-24 19:44:00,679 - INFO - Começou o tempo.
2025-07-24 19:44:00,680 - INFO - Tempo definido: 30 minutos (1800 segundos).
2025-07-24 19:44:01,846 - INFO - Timer pausado.
2025-07-24 19:44:02,841 - INFO - Começou o tempo.
2025-07-24 19:44:02,841 - INFO - Tempo definido: 20 minutos (1200 segundos).
2025-07-24 19:44:03,910 - INFO - Timer pausado.
2025-07-24 19:44:04,689 - INFO - Começou o tempo.
2025-07-24 19:44:04,690 - INFO - Tempo definido: 10 minutos (600 segundos).
2025-07-24 19:44:05,559 - INFO - Timer pausado.
2025-07-24 19:44:06,230 - INFO - Começou o tempo.
2025-07-24 19:44:06,230 - INFO - Tempo definido: 5 minutos (300 segundos).
2025-07-24 19:44:06,878 - INFO - Timer pausado.
2025-07-24 19:44:07,801 - INFO - Começou o tempo.
2025-07-24 19:44:07,801 - INFO - Tempo definido: 10 minutos (600 segundos).
2025-07-24 19:44:08,544 - INFO - Timer pausado.
2025-07-24 19:44:09,264 - INFO - Começou o tempo.
2025-07-24 19:44:09,264 - INFO - Tempo definido: 20 minutos (1200 segundos).
2025-07-24 19:44:10,185 - INFO - Timer pausado.
2025-07-24 19:44:11,400 - INFO - Começou o tempo.
2025-07-24 19:44:11,400 - INFO - Tempo definido: 30 minutos (1800 segundos).
2025-07-24 19:44:12,076 - INFO - Timer pausado.
2025-07-24 19:44:19,103 - INFO - Timer continuado.
2025-07-24 19:44:49,730 - INFO - Login automático para: Felipe
2025-07-24 19:44:50,859 - INFO - Começou o tempo.
2025-07-24 19:44:50,859 - WARNING - Valor inválido digitado: invalid literal for int() with base 10: '5:00'
2025-07-24 19:44:54,638 - INFO - Começou o tempo.
2025-07-24 19:44:54,638 - WARNING - Valor inválido digitado: invalid literal for int() with base 10: '10:00'
2025-07-24 19:44:56,882 - INFO - Começou o tempo.
2025-07-24 19:44:56,883 - WARNING - Valor inválido digitado: invalid literal for int() with base 10: '20:00'
2025-07-24 19:45:15,055 - INFO - Login automático para: Felipe
2025-07-24 19:45:17,714 - INFO - Começou o tempo.
2025-07-24 19:45:17,715 - INFO - Tempo definido: 5 minutos (300 segundos).
2025-07-24 19:45:18,452 - INFO - Timer pausado.
2025-07-24 19:45:19,082 - INFO - Começou o tempo.
2025-07-24 19:45:19,082 - INFO - Tempo definido: 10 minutos (600 segundos).
2025-07-24 19:45:19,893 - INFO - Timer pausado.
2025-07-24 19:45:20,829 - INFO - Começou o tempo.
2025-07-24 19:45:20,829 - INFO - Tempo definido: 20 minutos (1200 segundos).
2025-07-24 19:45:21,405 - INFO - Timer pausado.
2025-07-24 19:45:22,891 - INFO - Começou o tempo.
2025-07-24 19:45:22,891 - INFO - Tempo definido: 30 minutos (1800 segundos).
2025-07-24 19:45:24,004 - INFO - Timer pausado.
2025-07-24 19:45:25,457 - INFO - Timer continuado.
